<?xml version="1.0" encoding="UTF-8"?>
<!-- Generated by org.testng.reporters.JUnitReportReporter -->
<testsuite hostname="LAPTOP-UHOKIKP4" failures="0" tests="1" name="LoginPageTest" time="4.317" errors="0" timestamp="28 Jun 2019 19:05:59 GMT" skipped="0">
  <testcase classname="LoginPageTest" name="setup" time="4.317"/>
</testsuite> <!-- LoginPageTest -->
